<?xml version="1.0" encoding="UTF-8"?>
<!-- Generated by org.testng.reporters.JUnitXMLReporter -->
<testsuite ignored="4" hostname="DESKTOP-NUCSDPQ" failures="0" tests="6" name="Test" time="219.516" errors="0" timestamp="2026-05-25T15:18:20 IST">
  <testcase classname="com.focus.testcases.URLBrowserTest" name="verifyBrowserOpen" time="0.111"/>
  <testcase classname="com.focus.testcases.URLBrowserTest" name="verifyLoginScreenTitleByInputUrl" time="3.744"/>
  <testcase classname="com.focus.testcases.LoginPageTest" name="verifyAvaibilityOfFieldsInLoginScreen" time="1.88"/>
  <testcase classname="com.focus.testcases.LoginPageTest" name="verifyCompanyNameInCompanyListOfLoginScreen" time="0.095"/>
  <testcase classname="com.focus.testcases.LoginPageTest" name="verifySignIn" time="32.142"/>
  <testcase classname="com.focus.testcases.LoginPageTest" name="checkRestoreAutomationCompany" time="177.913"/>
  <testcase classname="com.focus.base.BaseEngine" name="@BeforeTest intialiseReports" time="0.0">
    <ignored/>
  </testcase> <!-- @BeforeTest intialiseReports -->
  <testcase classname="com.focus.base.BaseEngine" name="@AfterTest generateReports" time="0.0">
    <ignored/>
  </testcase> <!-- @AfterTest generateReports -->
  <testcase classname="com.focus.base.BaseEngine" name="@BeforeSuite openBrowser" time="0.0">
    <ignored/>
  </testcase> <!-- @BeforeSuite openBrowser -->
  <testcase classname="com.focus.base.BaseEngine" name="@AfterSuite closeBrowser" time="0.0">
    <ignored/>
  </testcase> <!-- @AfterSuite closeBrowser -->
</testsuite> <!-- Test -->
