<?xml version="1.0" encoding="UTF-8"?>
<!-- Generated by org.testng.reporters.JUnitXMLReporter -->
<testsuite ignored="4" hostname="DESKTOP-NUCSDPQ" failures="1" tests="5" name="Test" time="33.777" errors="0" timestamp="2026-05-20T15:26:29 IST">
  <testcase classname="com.focus.testcases.URLBrowserTest" name="verifyBrowserOpen" time="0.029"/>
  <testcase classname="com.focus.testcases.URLBrowserTest" name="verifyLoginScreenTitleByInputUrl" time="2.315"/>
  <testcase classname="com.focus.testcases.LoginPageTest" name="verifyAvaibilityOfFieldsInLoginScreen" time="0.883"/>
  <testcase classname="com.focus.testcases.LoginPageTest" name="verifyCompanyNameInCompanyListOfLoginScreen" time="0.052"/>
  <testcase classname="com.focus.testcases.LoginPageTest" name="verifySignIn" time="29.54">
    <failure type="java.lang.AssertionError" message="expected [true] but found [false]">
      <![CDATA[java.lang.AssertionError: expected [true] but found [false]
at com.focus.testcases.LoginPageTest.verifySignIn(LoginPageTest.java:46)
at java.base/java.util.ArrayList.forEach(ArrayList.java:1511)
... Removed 34 stack frames]]>
    </failure>
  </testcase> <!-- verifySignIn -->
  <testcase classname="com.focus.base.BaseEngine" name="@BeforeTest intialiseReports" time="0.0">
    <ignored/>
  </testcase> <!-- @BeforeTest intialiseReports -->
  <testcase classname="com.focus.base.BaseEngine" name="@AfterTest generateReports" time="0.0">
    <ignored/>
  </testcase> <!-- @AfterTest generateReports -->
  <testcase classname="com.focus.base.BaseEngine" name="@BeforeSuite openBrowser" time="0.0">
    <ignored/>
  </testcase> <!-- @BeforeSuite openBrowser -->
  <testcase classname="com.focus.base.BaseEngine" name="@AfterSuite closeBrowser" time="0.0">
    <ignored/>
  </testcase> <!-- @AfterSuite closeBrowser -->
</testsuite> <!-- Test -->
