<?xml version="1.0" encoding="UTF-8"?>
<!-- Generated by org.testng.reporters.JUnitXMLReporter -->
<testsuite hostname="DESKTOP-NUCSDPQ" failures="0" tests="6" name="Test" time="178.335" errors="0" timestamp="22 May 2026 06:53:08 GMT">
  <testcase classname="com.focus.testcases.URLBrowserTest" name="verifyBrowserOpen" time="0.052"/>
  <testcase classname="com.focus.testcases.URLBrowserTest" name="verifyLoginScreenTitleByInputUrl" time="3.513"/>
  <testcase classname="com.focus.testcases.LoginPageTest" name="verifyAvaibilityOfFieldsInLoginScreen" time="1.36"/>
  <testcase classname="com.focus.testcases.LoginPageTest" name="verifyCompanyNameInCompanyListOfLoginScreen" time="0.093"/>
  <testcase classname="com.focus.testcases.LoginPageTest" name="verifySignIn" time="31.541"/>
  <testcase classname="com.focus.testcases.LoginPageTest" name="checkRestoreAutomationCompany" time="140.543"/>
</testsuite> <!-- Test -->
