<?xml version="1.0" encoding="UTF-8"?>
<!-- Generated by org.testng.reporters.JUnitXMLReporter -->
<testsuite ignored="4" hostname="DESKTOP-NUCSDPQ" failures="0" tests="6" name="Test" time="180.502" errors="0" timestamp="2026-05-25T16:58:04 IST">
  <testcase classname="com.focus.testcases.URLBrowserTest" name="verifyBrowserOpen" time="0.13"/>
  <testcase classname="com.focus.testcases.URLBrowserTest" name="verifyLoginScreenTitleByInputUrl" time="3.614"/>
  <testcase classname="com.focus.testcases.LoginPageTest" name="verifyAvaibilityOfFieldsInLoginScreen" time="1.093"/>
  <testcase classname="com.focus.testcases.LoginPageTest" name="verifyCompanyNameInCompanyListOfLoginScreen" time="0.073"/>
  <testcase classname="com.focus.testcases.LoginPageTest" name="verifySignIn" time="30.593"/>
  <testcase classname="com.focus.testcases.LoginPageTest" name="checkRestoreAutomationCompany" time="142.577"/>
  <testcase classname="com.focus.base.BaseEngine" name="@AfterSuite closeBrowser" time="0.0">
    <ignored/>
  </testcase> <!-- @AfterSuite closeBrowser -->
  <testcase classname="com.focus.base.BaseEngine" name="@BeforeTest intialiseReports" time="0.0">
    <ignored/>
  </testcase> <!-- @BeforeTest intialiseReports -->
  <testcase classname="com.focus.base.BaseEngine" name="@BeforeSuite openBrowser" time="0.0">
    <ignored/>
  </testcase> <!-- @BeforeSuite openBrowser -->
  <testcase classname="com.focus.base.BaseEngine" name="@AfterTest generateReports" time="0.0">
    <ignored/>
  </testcase> <!-- @AfterTest generateReports -->
</testsuite> <!-- Test -->
