<?xml version="1.0" encoding="UTF-8"?>
<testng-results ignored="0" total="6" passed="6" failed="0" skipped="0">
  <reporter-output>
  </reporter-output>
  <suite started-at="2026-05-25T15:19:55 IST" name="Suite" finished-at="2026-05-25T15:23:00 IST" duration-ms="184783">
    <groups>
    </groups>
    <test started-at="2026-05-25T15:19:55 IST" name="Test" finished-at="2026-05-25T15:23:00 IST" duration-ms="184783">
      <class name="com.focus.testcases.LoginPageTest">
        <test-method is-config="true" signature="beforeMethodExecution(java.lang.reflect.Method)[pri:0, instance:com.focus.testcases.LoginPageTest@223aa2f7]" started-at="2026-05-25T15:20:00 IST" name="beforeMethodExecution" finished-at="2026-05-25T15:20:00 IST" duration-ms="1" status="PASS">
          <params>
            <param index="0">
              <value>
                <![CDATA[public void com.focus.testcases.LoginPageTest.verifyAvaibilityOfFieldsInLoginScreen() throws org.apache.poi.EncryptedDocumentException,org.apache.poi.openxml4j.exceptions.InvalidFormatException,java.io.IOException,java.lang.InterruptedException]]>
              </value>
            </param>
          </params>
          <reporter-output>
          </reporter-output>
        </test-method> <!-- beforeMethodExecution -->
        <test-method signature="verifyAvaibilityOfFieldsInLoginScreen()[pri:3, instance:com.focus.testcases.LoginPageTest@223aa2f7]" started-at="2026-05-25T15:20:00 IST" name="verifyAvaibilityOfFieldsInLoginScreen" finished-at="2026-05-25T15:20:01 IST" duration-ms="1211" status="PASS">
          <reporter-output>
          </reporter-output>
        </test-method> <!-- verifyAvaibilityOfFieldsInLoginScreen -->
        <test-method is-config="true" signature="afterMethodExecution(org.testng.ITestResult)[pri:0, instance:com.focus.testcases.LoginPageTest@223aa2f7]" started-at="2026-05-25T15:20:01 IST" name="afterMethodExecution" finished-at="2026-05-25T15:20:01 IST" duration-ms="1" status="PASS">
          <params>
            <param index="0">
              <value>
                <![CDATA[[TestResult name=verifyAvaibilityOfFieldsInLoginScreen status=SUCCESS method=LoginPageTest.verifyAvaibilityOfFieldsInLoginScreen()[pri:3, instance:com.focus.testcases.LoginPageTest@223aa2f7] output={null}]]]>
              </value>
            </param>
          </params>
          <reporter-output>
          </reporter-output>
        </test-method> <!-- afterMethodExecution -->
        <test-method is-config="true" signature="beforeMethodExecution(java.lang.reflect.Method)[pri:0, instance:com.focus.testcases.LoginPageTest@223aa2f7]" started-at="2026-05-25T15:20:01 IST" name="beforeMethodExecution" finished-at="2026-05-25T15:20:01 IST" duration-ms="1" status="PASS">
          <params>
            <param index="0">
              <value>
                <![CDATA[public void com.focus.testcases.LoginPageTest.verifyCompanyNameInCompanyListOfLoginScreen() throws org.apache.poi.EncryptedDocumentException,org.apache.poi.openxml4j.exceptions.InvalidFormatException,java.io.IOException,java.lang.InterruptedException]]>
              </value>
            </param>
          </params>
          <reporter-output>
          </reporter-output>
        </test-method> <!-- beforeMethodExecution -->
        <test-method signature="verifyCompanyNameInCompanyListOfLoginScreen()[pri:4, instance:com.focus.testcases.LoginPageTest@223aa2f7]" started-at="2026-05-25T15:20:01 IST" name="verifyCompanyNameInCompanyListOfLoginScreen" finished-at="2026-05-25T15:20:01 IST" duration-ms="65" status="PASS">
          <reporter-output>
          </reporter-output>
        </test-method> <!-- verifyCompanyNameInCompanyListOfLoginScreen -->
        <test-method is-config="true" signature="afterMethodExecution(org.testng.ITestResult)[pri:0, instance:com.focus.testcases.LoginPageTest@223aa2f7]" started-at="2026-05-25T15:20:01 IST" name="afterMethodExecution" finished-at="2026-05-25T15:20:01 IST" duration-ms="1" status="PASS">
          <params>
            <param index="0">
              <value>
                <![CDATA[[TestResult name=verifyCompanyNameInCompanyListOfLoginScreen status=SUCCESS method=LoginPageTest.verifyCompanyNameInCompanyListOfLoginScreen()[pri:4, instance:com.focus.testcases.LoginPageTest@223aa2f7] output={null}]]]>
              </value>
            </param>
          </params>
          <reporter-output>
          </reporter-output>
        </test-method> <!-- afterMethodExecution -->
        <test-method is-config="true" signature="beforeMethodExecution(java.lang.reflect.Method)[pri:0, instance:com.focus.testcases.LoginPageTest@223aa2f7]" started-at="2026-05-25T15:20:01 IST" name="beforeMethodExecution" finished-at="2026-05-25T15:20:01 IST" duration-ms="0" status="PASS">
          <params>
            <param index="0">
              <value>
                <![CDATA[public void com.focus.testcases.LoginPageTest.verifySignIn() throws org.apache.poi.EncryptedDocumentException,org.apache.poi.openxml4j.exceptions.InvalidFormatException,java.io.IOException,java.lang.InterruptedException]]>
              </value>
            </param>
          </params>
          <reporter-output>
          </reporter-output>
        </test-method> <!-- beforeMethodExecution -->
        <test-method signature="verifySignIn()[pri:5, instance:com.focus.testcases.LoginPageTest@223aa2f7]" started-at="2026-05-25T15:20:01 IST" name="verifySignIn" finished-at="2026-05-25T15:20:32 IST" duration-ms="30720" status="PASS">
          <reporter-output>
          </reporter-output>
        </test-method> <!-- verifySignIn -->
        <test-method is-config="true" signature="afterMethodExecution(org.testng.ITestResult)[pri:0, instance:com.focus.testcases.LoginPageTest@223aa2f7]" started-at="2026-05-25T15:20:32 IST" name="afterMethodExecution" finished-at="2026-05-25T15:20:32 IST" duration-ms="0" status="PASS">
          <params>
            <param index="0">
              <value>
                <![CDATA[[TestResult name=verifySignIn status=SUCCESS method=LoginPageTest.verifySignIn()[pri:5, instance:com.focus.testcases.LoginPageTest@223aa2f7] output={null}]]]>
              </value>
            </param>
          </params>
          <reporter-output>
          </reporter-output>
        </test-method> <!-- afterMethodExecution -->
        <test-method is-config="true" signature="beforeMethodExecution(java.lang.reflect.Method)[pri:0, instance:com.focus.testcases.LoginPageTest@223aa2f7]" started-at="2026-05-25T15:20:32 IST" name="beforeMethodExecution" finished-at="2026-05-25T15:20:32 IST" duration-ms="1" status="PASS">
          <params>
            <param index="0">
              <value>
                <![CDATA[public void com.focus.testcases.LoginPageTest.checkRestoreAutomationCompany() throws org.apache.poi.EncryptedDocumentException,org.apache.poi.openxml4j.exceptions.InvalidFormatException,java.io.IOException,java.lang.InterruptedException,java.awt.AWTException]]>
              </value>
            </param>
          </params>
          <reporter-output>
          </reporter-output>
        </test-method> <!-- beforeMethodExecution -->
        <test-method signature="checkRestoreAutomationCompany()[pri:6, instance:com.focus.testcases.LoginPageTest@223aa2f7]" started-at="2026-05-25T15:20:32 IST" name="checkRestoreAutomationCompany" finished-at="2026-05-25T15:22:58 IST" duration-ms="145995" status="PASS">
          <reporter-output>
          </reporter-output>
        </test-method> <!-- checkRestoreAutomationCompany -->
        <test-method is-config="true" signature="afterMethodExecution(org.testng.ITestResult)[pri:0, instance:com.focus.testcases.LoginPageTest@223aa2f7]" started-at="2026-05-25T15:22:58 IST" name="afterMethodExecution" finished-at="2026-05-25T15:22:58 IST" duration-ms="1" status="PASS">
          <params>
            <param index="0">
              <value>
                <![CDATA[[TestResult name=checkRestoreAutomationCompany status=SUCCESS method=LoginPageTest.checkRestoreAutomationCompany()[pri:6, instance:com.focus.testcases.LoginPageTest@223aa2f7] output={null}]]]>
              </value>
            </param>
          </params>
          <reporter-output>
          </reporter-output>
        </test-method> <!-- afterMethodExecution -->
      </class> <!-- com.focus.testcases.LoginPageTest -->
      <class name="com.focus.testcases.URLBrowserTest">
        <test-method is-config="true" signature="openBrowser(java.lang.String)[pri:0, instance:com.focus.testcases.URLBrowserTest@5f9b2141]" started-at="2026-05-25T15:19:51 IST" name="openBrowser" finished-at="2026-05-25T15:19:55 IST" duration-ms="4416" status="PASS">
          <params>
            <param index="0">
              <value>
                <![CDATA[chrome]]>
              </value>
            </param>
          </params>
          <reporter-output>
          </reporter-output>
        </test-method> <!-- openBrowser -->
        <test-method is-config="true" signature="intialiseReports()[pri:0, instance:com.focus.testcases.URLBrowserTest@5f9b2141]" started-at="2026-05-25T15:19:55 IST" name="intialiseReports" finished-at="2026-05-25T15:19:56 IST" duration-ms="524" status="PASS">
          <reporter-output>
          </reporter-output>
        </test-method> <!-- intialiseReports -->
        <test-method is-config="true" signature="beforeMethodExecution(java.lang.reflect.Method)[pri:0, instance:com.focus.testcases.URLBrowserTest@5f9b2141]" started-at="2026-05-25T15:19:56 IST" name="beforeMethodExecution" finished-at="2026-05-25T15:19:56 IST" duration-ms="13" status="PASS">
          <params>
            <param index="0">
              <value>
                <![CDATA[public void com.focus.testcases.URLBrowserTest.verifyBrowserOpen() throws org.apache.poi.EncryptedDocumentException,org.apache.poi.openxml4j.exceptions.InvalidFormatException,java.io.IOException,java.lang.InterruptedException]]>
              </value>
            </param>
          </params>
          <reporter-output>
          </reporter-output>
        </test-method> <!-- beforeMethodExecution -->
        <test-method signature="verifyBrowserOpen()[pri:1, instance:com.focus.testcases.URLBrowserTest@5f9b2141]" started-at="2026-05-25T15:19:56 IST" name="verifyBrowserOpen" finished-at="2026-05-25T15:19:56 IST" duration-ms="65" status="PASS">
          <reporter-output>
          </reporter-output>
        </test-method> <!-- verifyBrowserOpen -->
        <test-method is-config="true" signature="afterMethodExecution(org.testng.ITestResult)[pri:0, instance:com.focus.testcases.URLBrowserTest@5f9b2141]" started-at="2026-05-25T15:19:56 IST" name="afterMethodExecution" finished-at="2026-05-25T15:19:56 IST" duration-ms="10" status="PASS">
          <params>
            <param index="0">
              <value>
                <![CDATA[[TestResult name=verifyBrowserOpen status=SUCCESS method=URLBrowserTest.verifyBrowserOpen()[pri:1, instance:com.focus.testcases.URLBrowserTest@5f9b2141] output={null}]]]>
              </value>
            </param>
          </params>
          <reporter-output>
          </reporter-output>
        </test-method> <!-- afterMethodExecution -->
        <test-method is-config="true" signature="beforeMethodExecution(java.lang.reflect.Method)[pri:0, instance:com.focus.testcases.URLBrowserTest@5f9b2141]" started-at="2026-05-25T15:19:56 IST" name="beforeMethodExecution" finished-at="2026-05-25T15:19:56 IST" duration-ms="1" status="PASS">
          <params>
            <param index="0">
              <value>
                <![CDATA[public void com.focus.testcases.URLBrowserTest.verifyLoginScreenTitleByInputUrl() throws org.apache.poi.EncryptedDocumentException,org.apache.poi.openxml4j.exceptions.InvalidFormatException,java.io.IOException,java.lang.InterruptedException]]>
              </value>
            </param>
          </params>
          <reporter-output>
          </reporter-output>
        </test-method> <!-- beforeMethodExecution -->
        <test-method signature="verifyLoginScreenTitleByInputUrl()[pri:2, instance:com.focus.testcases.URLBrowserTest@5f9b2141]" started-at="2026-05-25T15:19:56 IST" name="verifyLoginScreenTitleByInputUrl" finished-at="2026-05-25T15:20:00 IST" duration-ms="4303" status="PASS">
          <reporter-output>
          </reporter-output>
        </test-method> <!-- verifyLoginScreenTitleByInputUrl -->
        <test-method is-config="true" signature="afterMethodExecution(org.testng.ITestResult)[pri:0, instance:com.focus.testcases.URLBrowserTest@5f9b2141]" started-at="2026-05-25T15:20:00 IST" name="afterMethodExecution" finished-at="2026-05-25T15:20:00 IST" duration-ms="2" status="PASS">
          <params>
            <param index="0">
              <value>
                <![CDATA[[TestResult name=verifyLoginScreenTitleByInputUrl status=SUCCESS method=URLBrowserTest.verifyLoginScreenTitleByInputUrl()[pri:2, instance:com.focus.testcases.URLBrowserTest@5f9b2141] output={null}]]]>
              </value>
            </param>
          </params>
          <reporter-output>
          </reporter-output>
        </test-method> <!-- afterMethodExecution -->
        <test-method is-config="true" signature="generateReports()[pri:0, instance:com.focus.testcases.URLBrowserTest@5f9b2141]" started-at="2026-05-25T15:22:58 IST" name="generateReports" finished-at="2026-05-25T15:23:00 IST" duration-ms="1786" status="PASS">
          <reporter-output>
          </reporter-output>
        </test-method> <!-- generateReports -->
        <test-method is-config="true" signature="closeBrowser()[pri:0, instance:com.focus.testcases.URLBrowserTest@5f9b2141]" started-at="2026-05-25T15:23:00 IST" name="closeBrowser" finished-at="2026-05-25T15:23:36 IST" duration-ms="36352" status="PASS">
          <reporter-output>
          </reporter-output>
        </test-method> <!-- closeBrowser -->
      </class> <!-- com.focus.testcases.URLBrowserTest -->
    </test> <!-- Test -->
  </suite> <!-- Suite -->
</testng-results>
