<?xml version="1.0" encoding="UTF-8"?>
<testsuite xmlns:xsi="http://www.w3.org/2001/XMLSchema-instance" xsi:noNamespaceSchemaLocation="https://maven.apache.org/surefire/maven-surefire-plugin/xsd/surefire-test-report.xsd" version="3.0.1" name="TestSuite" time="87.159" tests="6" errors="0" skipped="0" failures="1">
  <properties>
[...]
</properties>
  <testcase name="verifyBrowserOpen" classname="com.focus.testcases.URLBrowserTest" time="0.12">
    <system-out><![CDATA[May 25 2026 16 26
Pass : Browser has Lanunched
]]></system-out>
    <system-err><![CDATA[SLF4J: Failed to load class "org.slf4j.impl.StaticLoggerBinder".
SLF4J: Defaulting to no-operation (NOP) logger implementation
SLF4J: See http://www.slf4j.org/codes.html#StaticLoggerBinder for further details.
May 25, 2026 4:26:54 PM org.openqa.selenium.remote.DesiredCapabilities chrome
INFO: Using `new ChromeOptions()` is preferred to `DesiredCapabilities.chrome()`
Starting ChromeDriver 147.0.7727.117 (474cc805edd6b22006509896c910f6b6da2427ad-refs/branch-heads/7727_111@{#4}) on port 32325
Only local connections are allowed.
Please see https://chromedriver.chromium.org/security-considerations for suggestions on keeping ChromeDriver safe.
ChromeDriver was started successfully on port 32325.
May 25, 2026 4:26:57 PM org.openqa.selenium.remote.ProtocolHandshake createSession
INFO: Detected dialect: W3C
*************BEFORE Method Execution And Trying To Executing The Method**************************verifyBrowserOpen
]]></system-err>
  </testcase>
  <testcase name="verifyLoginScreenTitleByInputUrl" classname="com.focus.testcases.URLBrowserTest" time="4.322">
    <system-out><![CDATA[********URL************http://localhost/FocusX/#
Launch The Browser and Input the url, Login Screen is display   :  Focus
The URL of the Application  :  http://localhost/FocusX/#
Pass : Focus Login Screen Title is displaying Correct
]]></system-out>
    <system-err><![CDATA[Pass : Test Case is Passed from after Method : verifyBrowserOpen
 *****************************************************TEST case Passed: verifyBrowserOpen
*************BEFORE Method Execution And Trying To Executing The Method**************************verifyLoginScreenTitleByInputUrl
]]></system-err>
  </testcase>
  <testcase name="verifyAvaibilityOfFieldsInLoginScreen" classname="com.focus.testcases.LoginPageTest" time="1.533">
    <system-out><![CDATA[UserNameDisplayed : true value expected true
UserNameEnabled   : true value expected true
UserName text box is displayed and enabled  :  true
passwordDisplayed : true value expected true
passwordEnabled   : true value expected true
Password text box is displayed and enabled true
companyDropDownListDisplayed : true value expected true
companyDropDownListEnabled   : true value expected true
Company Drop Down box is displayed and enabled true
signInDisplayed : true value expected true
signInEnabled   : true value expected true
SignIn is displayed and enabled  :  true
companyCreateBtnDisplayed : true value expected true
companyCreateBtnEnabled   : true value expected true
Create Company Button is displayed and enabled  :  true
keyboardBtnDisplayed : true value expected true
keyboardBtnEnabled   : true value expected true
Keyboard Button is displayed and enabled  :  true
refreshBtnDisplayed : true value expected true
refreshBtnEnabled   : true value expected true
Refresh Button is displayed and enabled  :  true
rememberMeChkDisplayed : true value expected true
rememberMeChkEnabled   : true value expected true
Remember Me Checkbox is displayed and enabled  :  true
rememberPwdChkDisplayed : true value expected true
rememberPwdChkEnabled   : true value expected true
Remember Password Checkbox is displayed and enabled  :  true
frgtPwdLnkDisplayed : true value expected true
frgtPwdLnkEnabled   : true value expected true
Forgot Password Link is displayed and enabled  :  true
]]></system-out>
    <system-err><![CDATA[Pass : Test Case is Passed from after Method : verifyLoginScreenTitleByInputUrl
 *****************************************************TEST case Passed: verifyLoginScreenTitleByInputUrl
*************BEFORE Method Execution And Trying To Executing The Method**************************verifyAvaibilityOfFieldsInLoginScreen
]]></system-err>
  </testcase>
  <testcase name="verifyCompanyNameInCompanyListOfLoginScreen" classname="com.focus.testcases.LoginPageTest" time="0.084">
    <system-out><![CDATA[Company List : 2007 value expected is Greater Than 0
Pass : Focus Login Screen Title is displaying Correct
]]></system-out>
    <system-err><![CDATA[Pass : Test Case is Passed from after Method : verifyAvaibilityOfFieldsInLoginScreen
 *****************************************************TEST case Passed: verifyAvaibilityOfFieldsInLoginScreen
*************BEFORE Method Execution And Trying To Executing The Method**************************verifyCompanyNameInCompanyListOfLoginScreen
]]></system-err>
  </testcase>
  <testcase name="verifySignIn" classname="com.focus.testcases.LoginPageTest" time="31.178">
    <system-out><![CDATA[*******************user : su
*******************password : su
CompanyDropdownList Count :23
Company List:BRS [090]
User Info : SU
User Info Capture Text :SU
userInfo         : SU value expected SU
LoginCompanyName : BRS (090) [29/03/2021] value expected BRS (090) [29/03/2021]
Pass : Login User and Company Name is displaying Correct
]]></system-out>
    <system-err><![CDATA[Pass : Test Case is Passed from after Method : verifyCompanyNameInCompanyListOfLoginScreen
 *****************************************************TEST case Passed: verifyCompanyNameInCompanyListOfLoginScreen
*************BEFORE Method Execution And Trying To Executing The Method**************************verifySignIn
]]></system-err>
  </testcase>
  <testcase name="checkRestoreAutomationCompany" classname="com.focus.testcases.LoginPageTest" time="41.77">
    <failure message="element click intercepted: Element &lt;a href=&quot;#&quot; class=&quot;nav-link theme_button_color ul_menu_option&quot;&gt;...&lt;/a&gt; is not clickable at point (1141, 101). Other element would receive the click: &lt;div class=&quot;collapse navbar-collapse respinsivebartop&quot; id=&quot;navbarSupportedContent2&quot;&gt;...&lt;/div&gt;&#10;  (Session info: chrome=147.0.7727.102)&#10;Build info: version: &apos;3.12.0&apos;, revision: &apos;7c6e0b3&apos;, time: &apos;2018-05-08T14:04:26.12Z&apos;&#10;System info: host: &apos;DESKTOP-NUCSDPQ&apos;, ip: &apos;192.168.4.206&apos;, os.name: &apos;Windows 11&apos;, os.arch: &apos;amd64&apos;, os.version: &apos;10.0&apos;, java.version: &apos;17.0.12&apos;&#10;Driver info: org.openqa.selenium.chrome.ChromeDriver&#10;Capabilities {acceptInsecureCerts: false, browserName: chrome, browserVersion: 147.0.7727.102, chrome: {chromedriverVersion: 147.0.7727.117 (474cc805edd..., userDataDir: C:\Users\Rakesh\AppData\Loc...}, fedcm:accounts: true, goog:chromeOptions: {debuggerAddress: localhost:55527}, goog:processID: 30004, javascriptEnabled: true, networkConnectionEnabled: false, pageLoadStrategy: normal, platform: WINDOWS, platformName: WINDOWS, proxy: Proxy(), setWindowRect: true, strictFileInteractability: false, timeouts: {implicit: 0, pageLoad: 300000, script: 30000}, unhandledPromptBehavior: dismiss and notify, webauthn:extension:credBlob: true, webauthn:extension:largeBlob: true, webauthn:extension:minPinLength: true, webauthn:extension:prf: true, webauthn:virtualAuthenticators: true}&#10;Session ID: 89f69547c333d3d7b28021b379c31394" type="org.openqa.selenium.ElementClickInterceptedException"><![CDATA[org.openqa.selenium.ElementClickInterceptedException: 
element click intercepted: Element <a href="#" class="nav-link theme_button_color ul_menu_option">...</a> is not clickable at point (1141, 101). Other element would receive the click: <div class="collapse navbar-collapse respinsivebartop" id="navbarSupportedContent2">...</div>
  (Session info: chrome=147.0.7727.102)
Build info: version: '3.12.0', revision: '7c6e0b3', time: '2018-05-08T14:04:26.12Z'
System info: host: 'DESKTOP-NUCSDPQ', ip: '192.168.4.206', os.name: 'Windows 11', os.arch: 'amd64', os.version: '10.0', java.version: '17.0.12'
Driver info: org.openqa.selenium.chrome.ChromeDriver
Capabilities {acceptInsecureCerts: false, browserName: chrome, browserVersion: 147.0.7727.102, chrome: {chromedriverVersion: 147.0.7727.117 (474cc805edd..., userDataDir: C:\Users\Rakesh\AppData\Loc...}, fedcm:accounts: true, goog:chromeOptions: {debuggerAddress: localhost:55527}, goog:processID: 30004, javascriptEnabled: true, networkConnectionEnabled: false, pageLoadStrategy: normal, platform: WINDOWS, platformName: WINDOWS, proxy: Proxy(), setWindowRect: true, strictFileInteractability: false, timeouts: {implicit: 0, pageLoad: 300000, script: 30000}, unhandledPromptBehavior: dismiss and notify, webauthn:extension:credBlob: true, webauthn:extension:largeBlob: true, webauthn:extension:minPinLength: true, webauthn:extension:prf: true, webauthn:virtualAuthenticators: true}
Session ID: 89f69547c333d3d7b28021b379c31394
	at java.base/jdk.internal.reflect.NativeConstructorAccessorImpl.newInstance0(Native Method)
	at java.base/jdk.internal.reflect.NativeConstructorAccessorImpl.newInstance(NativeConstructorAccessorImpl.java:77)
	at java.base/jdk.internal.reflect.DelegatingConstructorAccessorImpl.newInstance(DelegatingConstructorAccessorImpl.java:45)
	at java.base/java.lang.reflect.Constructor.newInstanceWithCaller(Constructor.java:499)
	at java.base/java.lang.reflect.Constructor.newInstance(Constructor.java:480)
	at org.openqa.selenium.remote.http.W3CHttpResponseCodec.createException(W3CHttpResponseCodec.java:187)
	at org.openqa.selenium.remote.http.W3CHttpResponseCodec.decode(W3CHttpResponseCodec.java:122)
	at org.openqa.selenium.remote.http.W3CHttpResponseCodec.decode(W3CHttpResponseCodec.java:49)
	at org.openqa.selenium.remote.HttpCommandExecutor.execute(HttpCommandExecutor.java:158)
	at org.openqa.selenium.remote.service.DriverCommandExecutor.execute(DriverCommandExecutor.java:83)
	at org.openqa.selenium.remote.RemoteWebDriver.execute(RemoteWebDriver.java:543)
	at org.openqa.selenium.remote.RemoteWebElement.execute(RemoteWebElement.java:276)
	at org.openqa.selenium.remote.RemoteWebElement.click(RemoteWebElement.java:83)
	at java.base/jdk.internal.reflect.NativeMethodAccessorImpl.invoke0(Native Method)
	at java.base/jdk.internal.reflect.NativeMethodAccessorImpl.invoke(NativeMethodAccessorImpl.java:77)
	at java.base/jdk.internal.reflect.DelegatingMethodAccessorImpl.invoke(DelegatingMethodAccessorImpl.java:43)
	at java.base/java.lang.reflect.Method.invoke(Method.java:568)
	at org.openqa.selenium.support.pagefactory.internal.LocatingElementHandler.invoke(LocatingElementHandler.java:51)
	at jdk.proxy2/jdk.proxy2.$Proxy13.click(Unknown Source)
	at com.focus.base.BaseEngine.restoreCompany(BaseEngine.java:1752)
	at com.focus.Pages.LoginPage.checkRestoreAutomationCompany(LoginPage.java:2725)
	at com.focus.testcases.LoginPageTest.checkRestoreAutomationCompany(LoginPageTest.java:55)
	at java.base/jdk.internal.reflect.NativeMethodAccessorImpl.invoke0(Native Method)
	at java.base/jdk.internal.reflect.NativeMethodAccessorImpl.invoke(NativeMethodAccessorImpl.java:77)
	at java.base/jdk.internal.reflect.DelegatingMethodAccessorImpl.invoke(DelegatingMethodAccessorImpl.java:43)
	at java.base/java.lang.reflect.Method.invoke(Method.java:568)
	at org.testng.internal.invokers.MethodInvocationHelper.invokeMethod(MethodInvocationHelper.java:141)
	at org.testng.internal.invokers.TestInvoker.invokeMethod(TestInvoker.java:686)
	at org.testng.internal.invokers.TestInvoker.invokeTestMethod(TestInvoker.java:230)
	at org.testng.internal.invokers.MethodRunner.runInSequence(MethodRunner.java:63)
	at org.testng.internal.invokers.TestInvoker$MethodInvocationAgent.invoke(TestInvoker.java:992)
	at org.testng.internal.invokers.TestInvoker.invokeTestMethods(TestInvoker.java:203)
	at org.testng.internal.invokers.TestMethodWorker.invokeTestMethods(TestMethodWorker.java:154)
	at org.testng.internal.invokers.TestMethodWorker.run(TestMethodWorker.java:134)
	at java.base/java.util.ArrayList.forEach(ArrayList.java:1511)
	at org.testng.TestRunner.privateRun(TestRunner.java:739)
	at org.testng.TestRunner.run(TestRunner.java:614)
	at org.testng.SuiteRunner.runTest(SuiteRunner.java:421)
	at org.testng.SuiteRunner.runSequentially(SuiteRunner.java:413)
	at org.testng.SuiteRunner.privateRun(SuiteRunner.java:373)
	at org.testng.SuiteRunner.run(SuiteRunner.java:312)
	at org.testng.SuiteRunnerWorker.runSuite(SuiteRunnerWorker.java:52)
	at org.testng.SuiteRunnerWorker.run(SuiteRunnerWorker.java:95)
	at org.testng.TestNG.runSuitesSequentially(TestNG.java:1274)
	at org.testng.TestNG.runSuitesLocally(TestNG.java:1208)
	at org.testng.TestNG.runSuites(TestNG.java:1112)
	at org.testng.TestNG.run(TestNG.java:1079)
	at org.apache.maven.surefire.testng.TestNGExecutor.run(TestNGExecutor.java:308)
	at org.apache.maven.surefire.testng.TestNGXmlTestSuite.execute(TestNGXmlTestSuite.java:71)
	at org.apache.maven.surefire.testng.TestNGProvider.invoke(TestNGProvider.java:113)
	at org.apache.maven.surefire.booter.ForkedBooter.runSuitesInProcess(ForkedBooter.java:385)
	at org.apache.maven.surefire.booter.ForkedBooter.execute(ForkedBooter.java:162)
	at org.apache.maven.surefire.booter.ForkedBooter.run(ForkedBooter.java:507)
	at org.apache.maven.surefire.booter.ForkedBooter.main(ForkedBooter.java:495)
]]></failure>
    <system-err><![CDATA[Pass : Test Case is Passed from after Method : verifySignIn
 *****************************************************TEST case Passed: verifySignIn
*************BEFORE Method Execution And Trying To Executing The Method**************************checkRestoreAutomationCompany
COMPANY EXISTS
Alert Displayed
]]></system-err>
  </testcase>
</testsuite>