<?xml version="1.0" encoding="UTF-8"?>
<testng-results total="6" passed="6" failed="0" skipped="0">
  <reporter-output>
  </reporter-output>
  <suite started-at="2026-05-22T10:07:26Z" name="Suite" finished-at="2026-05-22T10:10:20Z" duration-ms="173811">
    <groups>
    </groups>
    <test started-at="2026-05-22T10:07:26Z" name="Test" finished-at="2026-05-22T10:10:20Z" duration-ms="173811">
      <class name="com.focus.testcases.LoginPageTest">
        <test-method is-config="true" signature="beforeMethodExecution(java.lang.reflect.Method)[pri:0, instance:com.focus.testcases.LoginPageTest@1187c9e8]" started-at="2026-05-22T15:37:30Z" name="beforeMethodExecution" finished-at="2026-05-22T15:37:30Z" duration-ms="0" status="PASS">
          <params>
            <param index="0">
              <value>
                <![CDATA[public void com.focus.testcases.LoginPageTest.verifyAvaibilityOfFieldsInLoginScreen() throws org.apache.poi.EncryptedDocumentException,org.apache.poi.openxml4j.exceptions.InvalidFormatException,java.io.IOException,java.lang.InterruptedException]]>
              </value>
            </param>
          </params>
          <reporter-output>
          </reporter-output>
        </test-method> <!-- beforeMethodExecution -->
        <test-method signature="verifyAvaibilityOfFieldsInLoginScreen()[pri:3, instance:com.focus.testcases.LoginPageTest@1187c9e8]" started-at="2026-05-22T15:37:30Z" name="verifyAvaibilityOfFieldsInLoginScreen" finished-at="2026-05-22T15:37:31Z" duration-ms="989" status="PASS">
          <reporter-output>
          </reporter-output>
        </test-method> <!-- verifyAvaibilityOfFieldsInLoginScreen -->
        <test-method is-config="true" signature="afterMethodExecution(org.testng.ITestResult)[pri:0, instance:com.focus.testcases.LoginPageTest@1187c9e8]" started-at="2026-05-22T15:37:31Z" name="afterMethodExecution" finished-at="2026-05-22T15:37:31Z" duration-ms="0" status="PASS">
          <params>
            <param index="0">
              <value>
                <![CDATA[[TestResult name=verifyAvaibilityOfFieldsInLoginScreen status=SUCCESS method=LoginPageTest.verifyAvaibilityOfFieldsInLoginScreen()[pri:3, instance:com.focus.testcases.LoginPageTest@1187c9e8] output={null}]]]>
              </value>
            </param>
          </params>
          <reporter-output>
          </reporter-output>
        </test-method> <!-- afterMethodExecution -->
        <test-method is-config="true" signature="beforeMethodExecution(java.lang.reflect.Method)[pri:0, instance:com.focus.testcases.LoginPageTest@1187c9e8]" started-at="2026-05-22T15:37:31Z" name="beforeMethodExecution" finished-at="2026-05-22T15:37:31Z" duration-ms="1" status="PASS">
          <params>
            <param index="0">
              <value>
                <![CDATA[public void com.focus.testcases.LoginPageTest.verifyCompanyNameInCompanyListOfLoginScreen() throws org.apache.poi.EncryptedDocumentException,org.apache.poi.openxml4j.exceptions.InvalidFormatException,java.io.IOException,java.lang.InterruptedException]]>
              </value>
            </param>
          </params>
          <reporter-output>
          </reporter-output>
        </test-method> <!-- beforeMethodExecution -->
        <test-method signature="verifyCompanyNameInCompanyListOfLoginScreen()[pri:4, instance:com.focus.testcases.LoginPageTest@1187c9e8]" started-at="2026-05-22T15:37:31Z" name="verifyCompanyNameInCompanyListOfLoginScreen" finished-at="2026-05-22T15:37:31Z" duration-ms="60" status="PASS">
          <reporter-output>
          </reporter-output>
        </test-method> <!-- verifyCompanyNameInCompanyListOfLoginScreen -->
        <test-method is-config="true" signature="afterMethodExecution(org.testng.ITestResult)[pri:0, instance:com.focus.testcases.LoginPageTest@1187c9e8]" started-at="2026-05-22T15:37:31Z" name="afterMethodExecution" finished-at="2026-05-22T15:37:31Z" duration-ms="1" status="PASS">
          <params>
            <param index="0">
              <value>
                <![CDATA[[TestResult name=verifyCompanyNameInCompanyListOfLoginScreen status=SUCCESS method=LoginPageTest.verifyCompanyNameInCompanyListOfLoginScreen()[pri:4, instance:com.focus.testcases.LoginPageTest@1187c9e8] output={null}]]]>
              </value>
            </param>
          </params>
          <reporter-output>
          </reporter-output>
        </test-method> <!-- afterMethodExecution -->
        <test-method is-config="true" signature="beforeMethodExecution(java.lang.reflect.Method)[pri:0, instance:com.focus.testcases.LoginPageTest@1187c9e8]" started-at="2026-05-22T15:37:31Z" name="beforeMethodExecution" finished-at="2026-05-22T15:37:31Z" duration-ms="0" status="PASS">
          <params>
            <param index="0">
              <value>
                <![CDATA[public void com.focus.testcases.LoginPageTest.verifySignIn() throws org.apache.poi.EncryptedDocumentException,org.apache.poi.openxml4j.exceptions.InvalidFormatException,java.io.IOException,java.lang.InterruptedException]]>
              </value>
            </param>
          </params>
          <reporter-output>
          </reporter-output>
        </test-method> <!-- beforeMethodExecution -->
        <test-method signature="verifySignIn()[pri:5, instance:com.focus.testcases.LoginPageTest@1187c9e8]" started-at="2026-05-22T15:37:31Z" name="verifySignIn" finished-at="2026-05-22T15:38:01Z" duration-ms="30460" status="PASS">
          <reporter-output>
          </reporter-output>
        </test-method> <!-- verifySignIn -->
        <test-method is-config="true" signature="afterMethodExecution(org.testng.ITestResult)[pri:0, instance:com.focus.testcases.LoginPageTest@1187c9e8]" started-at="2026-05-22T15:38:01Z" name="afterMethodExecution" finished-at="2026-05-22T15:38:01Z" duration-ms="1" status="PASS">
          <params>
            <param index="0">
              <value>
                <![CDATA[[TestResult name=verifySignIn status=SUCCESS method=LoginPageTest.verifySignIn()[pri:5, instance:com.focus.testcases.LoginPageTest@1187c9e8] output={null}]]]>
              </value>
            </param>
          </params>
          <reporter-output>
          </reporter-output>
        </test-method> <!-- afterMethodExecution -->
        <test-method signature="checkRestoreAutomationCompany()[pri:6, instance:com.focus.testcases.LoginPageTest@1187c9e8]" started-at="2026-05-22T15:38:01Z" name="checkRestoreAutomationCompany" finished-at="2026-05-22T15:40:19Z" duration-ms="137586" status="PASS">
          <reporter-output>
          </reporter-output>
        </test-method> <!-- checkRestoreAutomationCompany -->
        <test-method is-config="true" signature="beforeMethodExecution(java.lang.reflect.Method)[pri:0, instance:com.focus.testcases.LoginPageTest@1187c9e8]" started-at="2026-05-22T15:38:01Z" name="beforeMethodExecution" finished-at="2026-05-22T15:38:01Z" duration-ms="0" status="PASS">
          <params>
            <param index="0">
              <value>
                <![CDATA[public void com.focus.testcases.LoginPageTest.checkRestoreAutomationCompany() throws org.apache.poi.EncryptedDocumentException,org.apache.poi.openxml4j.exceptions.InvalidFormatException,java.io.IOException,java.lang.InterruptedException,java.awt.AWTException]]>
              </value>
            </param>
          </params>
          <reporter-output>
          </reporter-output>
        </test-method> <!-- beforeMethodExecution -->
        <test-method is-config="true" signature="afterMethodExecution(org.testng.ITestResult)[pri:0, instance:com.focus.testcases.LoginPageTest@1187c9e8]" started-at="2026-05-22T15:40:19Z" name="afterMethodExecution" finished-at="2026-05-22T15:40:19Z" duration-ms="1" status="PASS">
          <params>
            <param index="0">
              <value>
                <![CDATA[[TestResult name=checkRestoreAutomationCompany status=SUCCESS method=LoginPageTest.checkRestoreAutomationCompany()[pri:6, instance:com.focus.testcases.LoginPageTest@1187c9e8] output={null}]]]>
              </value>
            </param>
          </params>
          <reporter-output>
          </reporter-output>
        </test-method> <!-- afterMethodExecution -->
      </class> <!-- com.focus.testcases.LoginPageTest -->
      <class name="com.focus.testcases.URLBrowserTest">
        <test-method is-config="true" signature="openBrowser(java.lang.String)[pri:0, instance:com.focus.testcases.URLBrowserTest@4b34fff9]" started-at="2026-05-22T15:37:23Z" name="openBrowser" finished-at="2026-05-22T15:37:26Z" duration-ms="3413" status="PASS">
          <params>
            <param index="0">
              <value>
                <![CDATA[chrome]]>
              </value>
            </param>
          </params>
          <reporter-output>
          </reporter-output>
        </test-method> <!-- openBrowser -->
        <test-method is-config="true" signature="intialiseReports()[pri:0, instance:com.focus.testcases.URLBrowserTest@4b34fff9]" started-at="2026-05-22T15:37:26Z" name="intialiseReports" finished-at="2026-05-22T15:37:27Z" duration-ms="369" status="PASS">
          <reporter-output>
          </reporter-output>
        </test-method> <!-- intialiseReports -->
        <test-method is-config="true" signature="beforeMethodExecution(java.lang.reflect.Method)[pri:0, instance:com.focus.testcases.URLBrowserTest@4b34fff9]" started-at="2026-05-22T15:37:27Z" name="beforeMethodExecution" finished-at="2026-05-22T15:37:27Z" duration-ms="7" status="PASS">
          <params>
            <param index="0">
              <value>
                <![CDATA[public void com.focus.testcases.URLBrowserTest.verifyBrowserOpen() throws org.apache.poi.EncryptedDocumentException,org.apache.poi.openxml4j.exceptions.InvalidFormatException,java.io.IOException,java.lang.InterruptedException]]>
              </value>
            </param>
          </params>
          <reporter-output>
          </reporter-output>
        </test-method> <!-- beforeMethodExecution -->
        <test-method signature="verifyBrowserOpen()[pri:1, instance:com.focus.testcases.URLBrowserTest@4b34fff9]" started-at="2026-05-22T15:37:27Z" name="verifyBrowserOpen" finished-at="2026-05-22T15:37:27Z" duration-ms="28" status="PASS">
          <reporter-output>
          </reporter-output>
        </test-method> <!-- verifyBrowserOpen -->
        <test-method is-config="true" signature="afterMethodExecution(org.testng.ITestResult)[pri:0, instance:com.focus.testcases.URLBrowserTest@4b34fff9]" started-at="2026-05-22T15:37:27Z" name="afterMethodExecution" finished-at="2026-05-22T15:37:27Z" duration-ms="9" status="PASS">
          <params>
            <param index="0">
              <value>
                <![CDATA[[TestResult name=verifyBrowserOpen status=SUCCESS method=URLBrowserTest.verifyBrowserOpen()[pri:1, instance:com.focus.testcases.URLBrowserTest@4b34fff9] output={null}]]]>
              </value>
            </param>
          </params>
          <reporter-output>
          </reporter-output>
        </test-method> <!-- afterMethodExecution -->
        <test-method is-config="true" signature="beforeMethodExecution(java.lang.reflect.Method)[pri:0, instance:com.focus.testcases.URLBrowserTest@4b34fff9]" started-at="2026-05-22T15:37:27Z" name="beforeMethodExecution" finished-at="2026-05-22T15:37:27Z" duration-ms="1" status="PASS">
          <params>
            <param index="0">
              <value>
                <![CDATA[public void com.focus.testcases.URLBrowserTest.verifyLoginScreenTitleByInputUrl() throws org.apache.poi.EncryptedDocumentException,org.apache.poi.openxml4j.exceptions.InvalidFormatException,java.io.IOException,java.lang.InterruptedException]]>
              </value>
            </param>
          </params>
          <reporter-output>
          </reporter-output>
        </test-method> <!-- beforeMethodExecution -->
        <test-method signature="verifyLoginScreenTitleByInputUrl()[pri:2, instance:com.focus.testcases.URLBrowserTest@4b34fff9]" started-at="2026-05-22T15:37:27Z" name="verifyLoginScreenTitleByInputUrl" finished-at="2026-05-22T15:37:30Z" duration-ms="3274" status="PASS">
          <reporter-output>
          </reporter-output>
        </test-method> <!-- verifyLoginScreenTitleByInputUrl -->
        <test-method is-config="true" signature="afterMethodExecution(org.testng.ITestResult)[pri:0, instance:com.focus.testcases.URLBrowserTest@4b34fff9]" started-at="2026-05-22T15:37:30Z" name="afterMethodExecution" finished-at="2026-05-22T15:37:30Z" duration-ms="1" status="PASS">
          <params>
            <param index="0">
              <value>
                <![CDATA[[TestResult name=verifyLoginScreenTitleByInputUrl status=SUCCESS method=URLBrowserTest.verifyLoginScreenTitleByInputUrl()[pri:2, instance:com.focus.testcases.URLBrowserTest@4b34fff9] output={null}]]]>
              </value>
            </param>
          </params>
          <reporter-output>
          </reporter-output>
        </test-method> <!-- afterMethodExecution -->
        <test-method is-config="true" signature="generateReports()[pri:0, instance:com.focus.testcases.URLBrowserTest@4b34fff9]" started-at="2026-05-22T15:40:19Z" name="generateReports" finished-at="2026-05-22T15:40:20Z" duration-ms="1008" status="PASS">
          <reporter-output>
          </reporter-output>
        </test-method> <!-- generateReports -->
        <test-method is-config="true" signature="closeBrowser()[pri:0, instance:com.focus.testcases.URLBrowserTest@4b34fff9]" started-at="2026-05-22T15:40:20Z" name="closeBrowser" finished-at="2026-05-22T15:40:21Z" duration-ms="661" status="PASS">
          <reporter-output>
          </reporter-output>
        </test-method> <!-- closeBrowser -->
      </class> <!-- com.focus.testcases.URLBrowserTest -->
    </test> <!-- Test -->
  </suite> <!-- Suite -->
</testng-results>
