<?xml version="1.0" encoding="UTF-8"?>
<testsuite xmlns:xsi="http://www.w3.org/2001/XMLSchema-instance" xsi:noNamespaceSchemaLocation="https://maven.apache.org/surefire/maven-surefire-plugin/xsd/surefire-test-report.xsd" version="3.0.1" name="TestSuite" time="185.164" tests="6" errors="0" skipped="0" failures="0">
  <properties>
[...]
</properties>
  <testcase name="verifyBrowserOpen" classname="com.focus.testcases.URLBrowserTest" time="0.048">
    <system-out><![CDATA[May 25 2026 16 34
Pass : Browser has Lanunched
]]></system-out>
    <system-err><![CDATA[SLF4J: Failed to load class "org.slf4j.impl.StaticLoggerBinder".
SLF4J: Defaulting to no-operation (NOP) logger implementation
SLF4J: See http://www.slf4j.org/codes.html#StaticLoggerBinder for further details.
May 25, 2026 4:34:54 PM org.openqa.selenium.remote.DesiredCapabilities chrome
INFO: Using `new ChromeOptions()` is preferred to `DesiredCapabilities.chrome()`
Starting ChromeDriver 147.0.7727.117 (474cc805edd6b22006509896c910f6b6da2427ad-refs/branch-heads/7727_111@{#4}) on port 56080
Only local connections are allowed.
Please see https://chromedriver.chromium.org/security-considerations for suggestions on keeping ChromeDriver safe.
ChromeDriver was started successfully on port 56080.
May 25, 2026 4:34:58 PM org.openqa.selenium.remote.ProtocolHandshake createSession
INFO: Detected dialect: W3C
*************BEFORE Method Execution And Trying To Executing The Method**************************verifyBrowserOpen
]]></system-err>
  </testcase>
  <testcase name="verifyLoginScreenTitleByInputUrl" classname="com.focus.testcases.URLBrowserTest" time="4.121">
    <system-out><![CDATA[********URL************http://localhost/FocusX/#
Launch The Browser and Input the url, Login Screen is display   :  Focus
The URL of the Application  :  http://localhost/FocusX/#
Pass : Focus Login Screen Title is displaying Correct
]]></system-out>
    <system-err><![CDATA[Pass : Test Case is Passed from after Method : verifyBrowserOpen
 *****************************************************TEST case Passed: verifyBrowserOpen
*************BEFORE Method Execution And Trying To Executing The Method**************************verifyLoginScreenTitleByInputUrl
]]></system-err>
  </testcase>
  <testcase name="verifyAvaibilityOfFieldsInLoginScreen" classname="com.focus.testcases.LoginPageTest" time="1.121">
    <system-out><![CDATA[UserNameDisplayed : true value expected true
UserNameEnabled   : true value expected true
UserName text box is displayed and enabled  :  true
passwordDisplayed : true value expected true
passwordEnabled   : true value expected true
Password text box is displayed and enabled true
companyDropDownListDisplayed : true value expected true
companyDropDownListEnabled   : true value expected true
Company Drop Down box is displayed and enabled true
signInDisplayed : true value expected true
signInEnabled   : true value expected true
SignIn is displayed and enabled  :  true
companyCreateBtnDisplayed : true value expected true
companyCreateBtnEnabled   : true value expected true
Create Company Button is displayed and enabled  :  true
keyboardBtnDisplayed : true value expected true
keyboardBtnEnabled   : true value expected true
Keyboard Button is displayed and enabled  :  true
refreshBtnDisplayed : true value expected true
refreshBtnEnabled   : true value expected true
Refresh Button is displayed and enabled  :  true
rememberMeChkDisplayed : true value expected true
rememberMeChkEnabled   : true value expected true
Remember Me Checkbox is displayed and enabled  :  true
rememberPwdChkDisplayed : true value expected true
rememberPwdChkEnabled   : true value expected true
Remember Password Checkbox is displayed and enabled  :  true
frgtPwdLnkDisplayed : true value expected true
frgtPwdLnkEnabled   : true value expected true
Forgot Password Link is displayed and enabled  :  true
]]></system-out>
    <system-err><![CDATA[Pass : Test Case is Passed from after Method : verifyLoginScreenTitleByInputUrl
 *****************************************************TEST case Passed: verifyLoginScreenTitleByInputUrl
*************BEFORE Method Execution And Trying To Executing The Method**************************verifyAvaibilityOfFieldsInLoginScreen
]]></system-err>
  </testcase>
  <testcase name="verifyCompanyNameInCompanyListOfLoginScreen" classname="com.focus.testcases.LoginPageTest" time="0.068">
    <system-out><![CDATA[Company List : 2007 value expected is Greater Than 0
Pass : Focus Login Screen Title is displaying Correct
]]></system-out>
    <system-err><![CDATA[Pass : Test Case is Passed from after Method : verifyAvaibilityOfFieldsInLoginScreen
 *****************************************************TEST case Passed: verifyAvaibilityOfFieldsInLoginScreen
*************BEFORE Method Execution And Trying To Executing The Method**************************verifyCompanyNameInCompanyListOfLoginScreen
]]></system-err>
  </testcase>
  <testcase name="verifySignIn" classname="com.focus.testcases.LoginPageTest" time="30.664">
    <system-out><![CDATA[*******************user : su
*******************password : su
CompanyDropdownList Count :23
Company List:BRS [090]
User Info : SU
User Info Capture Text :SU
userInfo         : SU value expected SU
LoginCompanyName : BRS (090) [29/03/2021] value expected BRS (090) [29/03/2021]
Pass : Login User and Company Name is displaying Correct
]]></system-out>
    <system-err><![CDATA[Pass : Test Case is Passed from after Method : verifyCompanyNameInCompanyListOfLoginScreen
 *****************************************************TEST case Passed: verifyCompanyNameInCompanyListOfLoginScreen
*************BEFORE Method Execution And Trying To Executing The Method**************************verifySignIn
]]></system-err>
  </testcase>
  <testcase name="checkRestoreAutomationCompany" classname="com.focus.testcases.LoginPageTest" time="139.999">
    <system-out><![CDATA[CompanyDropdownList Count :23
Logined CompanyAutomation Company : 08/10/2020 5:43 PM [070]
]]></system-out>
    <system-err><![CDATA[Pass : Test Case is Passed from after Method : verifySignIn
 *****************************************************TEST case Passed: verifySignIn
*************BEFORE Method Execution And Trying To Executing The Method**************************checkRestoreAutomationCompany
COMPANY EXISTS
Alert Displayed
Actual Text :Restore company code : 070
Expected Text :Restore company code : 070
]]></system-err>
  </testcase>
</testsuite>