<?xml version="1.0" encoding="UTF-8"?>
<testng-results ignored="0" total="5" passed="4" failed="1" skipped="0">
  <reporter-output>
  </reporter-output>
  <suite started-at="2026-05-20T15:25:55 IST" name="Suite" finished-at="2026-05-20T15:26:29 IST" duration-ms="33777">
    <groups>
    </groups>
    <test started-at="2026-05-20T15:25:55 IST" name="Test" finished-at="2026-05-20T15:26:29 IST" duration-ms="33777">
      <class name="com.focus.testcases.LoginPageTest">
        <test-method is-config="true" signature="beforeMethodExecution(java.lang.reflect.Method)[pri:0, instance:com.focus.testcases.LoginPageTest@7b36aa0c]" started-at="2026-05-20T15:25:57 IST" name="beforeMethodExecution" finished-at="2026-05-20T15:25:57 IST" duration-ms="1" status="PASS">
          <params>
            <param index="0">
              <value>
                <![CDATA[public void com.focus.testcases.LoginPageTest.verifyAvaibilityOfFieldsInLoginScreen() throws org.apache.poi.EncryptedDocumentException,org.apache.poi.openxml4j.exceptions.InvalidFormatException,java.io.IOException,java.lang.InterruptedException]]>
              </value>
            </param>
          </params>
          <reporter-output>
          </reporter-output>
        </test-method> <!-- beforeMethodExecution -->
        <test-method signature="verifyAvaibilityOfFieldsInLoginScreen()[pri:3, instance:com.focus.testcases.LoginPageTest@7b36aa0c]" started-at="2026-05-20T15:25:57 IST" name="verifyAvaibilityOfFieldsInLoginScreen" finished-at="2026-05-20T15:25:58 IST" duration-ms="883" status="PASS">
          <reporter-output>
          </reporter-output>
        </test-method> <!-- verifyAvaibilityOfFieldsInLoginScreen -->
        <test-method is-config="true" signature="afterMethodExecution(org.testng.ITestResult)[pri:0, instance:com.focus.testcases.LoginPageTest@7b36aa0c]" started-at="2026-05-20T15:25:58 IST" name="afterMethodExecution" finished-at="2026-05-20T15:25:58 IST" duration-ms="1" status="PASS">
          <params>
            <param index="0">
              <value>
                <![CDATA[[TestResult name=verifyAvaibilityOfFieldsInLoginScreen status=SUCCESS method=LoginPageTest.verifyAvaibilityOfFieldsInLoginScreen()[pri:3, instance:com.focus.testcases.LoginPageTest@7b36aa0c] output={null}]]]>
              </value>
            </param>
          </params>
          <reporter-output>
          </reporter-output>
        </test-method> <!-- afterMethodExecution -->
        <test-method signature="verifyCompanyNameInCompanyListOfLoginScreen()[pri:4, instance:com.focus.testcases.LoginPageTest@7b36aa0c]" started-at="2026-05-20T15:25:58 IST" name="verifyCompanyNameInCompanyListOfLoginScreen" finished-at="2026-05-20T15:25:58 IST" duration-ms="52" status="PASS">
          <reporter-output>
          </reporter-output>
        </test-method> <!-- verifyCompanyNameInCompanyListOfLoginScreen -->
        <test-method is-config="true" signature="beforeMethodExecution(java.lang.reflect.Method)[pri:0, instance:com.focus.testcases.LoginPageTest@7b36aa0c]" started-at="2026-05-20T15:25:58 IST" name="beforeMethodExecution" finished-at="2026-05-20T15:25:58 IST" duration-ms="0" status="PASS">
          <params>
            <param index="0">
              <value>
                <![CDATA[public void com.focus.testcases.LoginPageTest.verifyCompanyNameInCompanyListOfLoginScreen() throws org.apache.poi.EncryptedDocumentException,org.apache.poi.openxml4j.exceptions.InvalidFormatException,java.io.IOException,java.lang.InterruptedException]]>
              </value>
            </param>
          </params>
          <reporter-output>
          </reporter-output>
        </test-method> <!-- beforeMethodExecution -->
        <test-method is-config="true" signature="afterMethodExecution(org.testng.ITestResult)[pri:0, instance:com.focus.testcases.LoginPageTest@7b36aa0c]" started-at="2026-05-20T15:25:58 IST" name="afterMethodExecution" finished-at="2026-05-20T15:25:58 IST" duration-ms="1" status="PASS">
          <params>
            <param index="0">
              <value>
                <![CDATA[[TestResult name=verifyCompanyNameInCompanyListOfLoginScreen status=SUCCESS method=LoginPageTest.verifyCompanyNameInCompanyListOfLoginScreen()[pri:4, instance:com.focus.testcases.LoginPageTest@7b36aa0c] output={null}]]]>
              </value>
            </param>
          </params>
          <reporter-output>
          </reporter-output>
        </test-method> <!-- afterMethodExecution -->
        <test-method is-config="true" signature="beforeMethodExecution(java.lang.reflect.Method)[pri:0, instance:com.focus.testcases.LoginPageTest@7b36aa0c]" started-at="2026-05-20T15:25:58 IST" name="beforeMethodExecution" finished-at="2026-05-20T15:25:58 IST" duration-ms="1" status="PASS">
          <params>
            <param index="0">
              <value>
                <![CDATA[public void com.focus.testcases.LoginPageTest.verifySignIn() throws org.apache.poi.EncryptedDocumentException,org.apache.poi.openxml4j.exceptions.InvalidFormatException,java.io.IOException,java.lang.InterruptedException]]>
              </value>
            </param>
          </params>
          <reporter-output>
          </reporter-output>
        </test-method> <!-- beforeMethodExecution -->
        <test-method signature="verifySignIn()[pri:5, instance:com.focus.testcases.LoginPageTest@7b36aa0c]" started-at="2026-05-20T15:25:58 IST" name="verifySignIn" finished-at="2026-05-20T15:26:28 IST" duration-ms="29540" status="FAIL">
          <exception class="java.lang.AssertionError">
            <message>
              <![CDATA[expected [true] but found [false]]]>
            </message>
            <full-stacktrace>
              <![CDATA[java.lang.AssertionError: expected [true] but found [false]
at org.testng.Assert.fail(Assert.java:111)
at org.testng.Assert.failNotEquals(Assert.java:1590)
at org.testng.Assert.assertEqualsImpl(Assert.java:150)
at org.testng.Assert.assertEquals(Assert.java:132)
at org.testng.Assert.assertEquals(Assert.java:1079)
at org.testng.Assert.assertEquals(Assert.java:1043)
at org.testng.Assert.assertEquals(Assert.java:1089)
at com.focus.testcases.LoginPageTest.verifySignIn(LoginPageTest.java:46)
at java.base/jdk.internal.reflect.NativeMethodAccessorImpl.invoke0(Native Method)
at java.base/jdk.internal.reflect.NativeMethodAccessorImpl.invoke(NativeMethodAccessorImpl.java:77)
at java.base/jdk.internal.reflect.DelegatingMethodAccessorImpl.invoke(DelegatingMethodAccessorImpl.java:43)
at java.base/java.lang.reflect.Method.invoke(Method.java:568)
at org.testng.internal.invokers.MethodInvocationHelper.invokeMethod(MethodInvocationHelper.java:141)
at org.testng.internal.invokers.TestInvoker.invokeMethod(TestInvoker.java:687)
at org.testng.internal.invokers.TestInvoker.invokeTestMethod(TestInvoker.java:230)
at org.testng.internal.invokers.MethodRunner.runInSequence(MethodRunner.java:63)
at org.testng.internal.invokers.TestInvoker$MethodInvocationAgent.invoke(TestInvoker.java:995)
at org.testng.internal.invokers.TestInvoker.invokeTestMethods(TestInvoker.java:203)
at org.testng.internal.invokers.TestMethodWorker.invokeTestMethods(TestMethodWorker.java:154)
at org.testng.internal.invokers.TestMethodWorker.run(TestMethodWorker.java:134)
at java.base/java.util.ArrayList.forEach(ArrayList.java:1511)
at org.testng.TestRunner.privateRun(TestRunner.java:741)
at org.testng.TestRunner.run(TestRunner.java:616)
at org.testng.SuiteRunner.runTest(SuiteRunner.java:421)
at org.testng.SuiteRunner.runSequentially(SuiteRunner.java:413)
at org.testng.SuiteRunner.privateRun(SuiteRunner.java:373)
at org.testng.SuiteRunner.run(SuiteRunner.java:312)
at org.testng.SuiteRunnerWorker.runSuite(SuiteRunnerWorker.java:52)
at org.testng.SuiteRunnerWorker.run(SuiteRunnerWorker.java:95)
at org.testng.TestNG.runSuitesSequentially(TestNG.java:1274)
at org.testng.TestNG.runSuitesLocally(TestNG.java:1208)
at org.testng.TestNG.runSuites(TestNG.java:1112)
at org.testng.TestNG.run(TestNG.java:1079)
at org.testng.remote.AbstractRemoteTestNG.run(AbstractRemoteTestNG.java:115)
at org.testng.remote.RemoteTestNG.initAndRun(RemoteTestNG.java:293)
at org.testng.remote.RemoteTestNG.main(RemoteTestNG.java:91)
]]>
            </full-stacktrace>
          </exception> <!-- java.lang.AssertionError -->
          <reporter-output>
          </reporter-output>
        </test-method> <!-- verifySignIn -->
        <test-method is-config="true" signature="afterMethodExecution(org.testng.ITestResult)[pri:0, instance:com.focus.testcases.LoginPageTest@7b36aa0c]" started-at="2026-05-20T15:26:28 IST" name="afterMethodExecution" finished-at="2026-05-20T15:26:28 IST" duration-ms="176" status="PASS">
          <params>
            <param index="0">
              <value>
                <![CDATA[[TestResult name=verifySignIn status=FAILURE method=LoginPageTest.verifySignIn()[pri:5, instance:com.focus.testcases.LoginPageTest@7b36aa0c] output={null}]]]>
              </value>
            </param>
          </params>
          <reporter-output>
          </reporter-output>
        </test-method> <!-- afterMethodExecution -->
      </class> <!-- com.focus.testcases.LoginPageTest -->
      <class name="com.focus.testcases.URLBrowserTest">
        <test-method is-config="true" signature="openBrowser(java.lang.String)[pri:0, instance:com.focus.testcases.URLBrowserTest@2e6a8155]" started-at="2026-05-20T15:25:52 IST" name="openBrowser" finished-at="2026-05-20T15:25:55 IST" duration-ms="2729" status="PASS">
          <params>
            <param index="0">
              <value>
                <![CDATA[chrome]]>
              </value>
            </param>
          </params>
          <reporter-output>
          </reporter-output>
        </test-method> <!-- openBrowser -->
        <test-method is-config="true" signature="intialiseReports()[pri:0, instance:com.focus.testcases.URLBrowserTest@2e6a8155]" started-at="2026-05-20T15:25:55 IST" name="intialiseReports" finished-at="2026-05-20T15:25:55 IST" duration-ms="264" status="PASS">
          <reporter-output>
          </reporter-output>
        </test-method> <!-- intialiseReports -->
        <test-method is-config="true" signature="beforeMethodExecution(java.lang.reflect.Method)[pri:0, instance:com.focus.testcases.URLBrowserTest@2e6a8155]" started-at="2026-05-20T15:25:55 IST" name="beforeMethodExecution" finished-at="2026-05-20T15:25:55 IST" duration-ms="6" status="PASS">
          <params>
            <param index="0">
              <value>
                <![CDATA[public void com.focus.testcases.URLBrowserTest.verifyBrowserOpen() throws org.apache.poi.EncryptedDocumentException,org.apache.poi.openxml4j.exceptions.InvalidFormatException,java.io.IOException,java.lang.InterruptedException]]>
              </value>
            </param>
          </params>
          <reporter-output>
          </reporter-output>
        </test-method> <!-- beforeMethodExecution -->
        <test-method signature="verifyBrowserOpen()[pri:1, instance:com.focus.testcases.URLBrowserTest@2e6a8155]" started-at="2026-05-20T15:25:55 IST" name="verifyBrowserOpen" finished-at="2026-05-20T15:25:55 IST" duration-ms="29" status="PASS">
          <reporter-output>
          </reporter-output>
        </test-method> <!-- verifyBrowserOpen -->
        <test-method is-config="true" signature="afterMethodExecution(org.testng.ITestResult)[pri:0, instance:com.focus.testcases.URLBrowserTest@2e6a8155]" started-at="2026-05-20T15:25:55 IST" name="afterMethodExecution" finished-at="2026-05-20T15:25:55 IST" duration-ms="10" status="PASS">
          <params>
            <param index="0">
              <value>
                <![CDATA[[TestResult name=verifyBrowserOpen status=SUCCESS method=URLBrowserTest.verifyBrowserOpen()[pri:1, instance:com.focus.testcases.URLBrowserTest@2e6a8155] output={null}]]]>
              </value>
            </param>
          </params>
          <reporter-output>
          </reporter-output>
        </test-method> <!-- afterMethodExecution -->
        <test-method is-config="true" signature="beforeMethodExecution(java.lang.reflect.Method)[pri:0, instance:com.focus.testcases.URLBrowserTest@2e6a8155]" started-at="2026-05-20T15:25:55 IST" name="beforeMethodExecution" finished-at="2026-05-20T15:25:55 IST" duration-ms="1" status="PASS">
          <params>
            <param index="0">
              <value>
                <![CDATA[public void com.focus.testcases.URLBrowserTest.verifyLoginScreenTitleByInputUrl() throws org.apache.poi.EncryptedDocumentException,org.apache.poi.openxml4j.exceptions.InvalidFormatException,java.io.IOException,java.lang.InterruptedException]]>
              </value>
            </param>
          </params>
          <reporter-output>
          </reporter-output>
        </test-method> <!-- beforeMethodExecution -->
        <test-method signature="verifyLoginScreenTitleByInputUrl()[pri:2, instance:com.focus.testcases.URLBrowserTest@2e6a8155]" started-at="2026-05-20T15:25:55 IST" name="verifyLoginScreenTitleByInputUrl" finished-at="2026-05-20T15:25:57 IST" duration-ms="2315" status="PASS">
          <reporter-output>
          </reporter-output>
        </test-method> <!-- verifyLoginScreenTitleByInputUrl -->
        <test-method is-config="true" signature="afterMethodExecution(org.testng.ITestResult)[pri:0, instance:com.focus.testcases.URLBrowserTest@2e6a8155]" started-at="2026-05-20T15:25:57 IST" name="afterMethodExecution" finished-at="2026-05-20T15:25:57 IST" duration-ms="2" status="PASS">
          <params>
            <param index="0">
              <value>
                <![CDATA[[TestResult name=verifyLoginScreenTitleByInputUrl status=SUCCESS method=URLBrowserTest.verifyLoginScreenTitleByInputUrl()[pri:2, instance:com.focus.testcases.URLBrowserTest@2e6a8155] output={null}]]]>
              </value>
            </param>
          </params>
          <reporter-output>
          </reporter-output>
        </test-method> <!-- afterMethodExecution -->
        <test-method is-config="true" signature="generateReports()[pri:0, instance:com.focus.testcases.URLBrowserTest@2e6a8155]" started-at="2026-05-20T15:26:28 IST" name="generateReports" finished-at="2026-05-20T15:26:29 IST" duration-ms="424" status="PASS">
          <reporter-output>
          </reporter-output>
        </test-method> <!-- generateReports -->
        <test-method is-config="true" signature="closeBrowser()[pri:0, instance:com.focus.testcases.URLBrowserTest@2e6a8155]" started-at="2026-05-20T15:26:29 IST" name="closeBrowser" finished-at="2026-05-20T15:26:29 IST" duration-ms="245" status="PASS">
          <reporter-output>
          </reporter-output>
        </test-method> <!-- closeBrowser -->
      </class> <!-- com.focus.testcases.URLBrowserTest -->
    </test> <!-- Test -->
  </suite> <!-- Suite -->
</testng-results>
