<?xml version="1.0" encoding="UTF-8"?>
<!-- Generated by org.testng.reporters.JUnitReportReporter -->
<testsuite hostname="DESKTOP-NUCSDPQ" failures="0" tests="2" name="com.focus.testcases.URLBrowserTest" time="2.363" errors="0" timestamp="2026-05-20T15:26:29 IST" skipped="0">
  <testcase classname="com.focus.testcases.URLBrowserTest" name="verifyBrowserOpen" time="0.037"/>
  <testcase classname="com.focus.testcases.URLBrowserTest" name="verifyLoginScreenTitleByInputUrl" time="2.326"/>
</testsuite> <!-- com.focus.testcases.URLBrowserTest -->
