<?xml version="1.0" encoding="UTF-8"?>
<!-- Generated by org.testng.reporters.JUnitReportReporter -->
<testsuite hostname="DESKTOP-NUCSDPQ" failures="0" tests="2" name="com.focus.testcases.URLBrowserTest" time="3.885" errors="0" timestamp="2026-05-25T15:18:27 IST" skipped="0">
  <testcase classname="com.focus.testcases.URLBrowserTest" name="verifyBrowserOpen" time="0.139"/>
  <testcase classname="com.focus.testcases.URLBrowserTest" name="verifyLoginScreenTitleByInputUrl" time="3.746"/>
</testsuite> <!-- com.focus.testcases.URLBrowserTest -->
