<?xml version="1.0" encoding="UTF-8"?>
<!-- Generated by org.testng.reporters.JUnitReportReporter -->
<testsuite hostname="DESKTOP-NUCSDPQ" failures="0" tests="4" name="com.focus.testcases.LoginPageTest" time="212.038" errors="0" timestamp="2026-05-25T15:18:27 IST" skipped="0">
  <testcase classname="com.focus.testcases.LoginPageTest" name="verifyAvaibilityOfFieldsInLoginScreen" time="1.882"/>
  <testcase classname="com.focus.testcases.LoginPageTest" name="verifyCompanyNameInCompanyListOfLoginScreen" time="0.097"/>
  <testcase classname="com.focus.testcases.LoginPageTest" name="verifySignIn" time="32.144"/>
  <testcase classname="com.focus.testcases.LoginPageTest" name="checkRestoreAutomationCompany" time="177.915"/>
</testsuite> <!-- com.focus.testcases.LoginPageTest -->
