<?xml version="1.0" encoding="UTF-8"?>
<!-- Generated by org.testng.reporters.JUnitReportReporter -->
<testsuite hostname="DESKTOP-NUCSDPQ" failures="0" tests="4" name="com.focus.testcases.LoginPageTest" time="169.099" errors="0" timestamp="22 May 2026 10:10:21 GMT">
  <testcase classname="com.focus.testcases.LoginPageTest" name="verifyCompanyNameInCompanyListOfLoginScreen" time="0.061"/>
  <testcase classname="com.focus.testcases.LoginPageTest" name="checkRestoreAutomationCompany" time="137.586"/>
  <testcase classname="com.focus.testcases.LoginPageTest" name="verifyAvaibilityOfFieldsInLoginScreen" time="0.991"/>
  <testcase classname="com.focus.testcases.LoginPageTest" name="verifySignIn" time="30.461"/>
</testsuite> <!-- com.focus.testcases.LoginPageTest -->
