<?xml version="1.0" encoding="UTF-8"?>
<!-- Generated by org.testng.reporters.JUnitReportReporter -->
<testsuite hostname="DESKTOP-NUCSDPQ" failures="0" tests="2" name="com.focus.testcases.URLBrowserTest" time="3.320" errors="0" timestamp="22 May 2026 10:10:21 GMT">
  <testcase classname="com.focus.testcases.URLBrowserTest" name="verifyBrowserOpen" time="0.030"/>
  <testcase classname="com.focus.testcases.URLBrowserTest" name="verifyLoginScreenTitleByInputUrl" time="3.290"/>
</testsuite> <!-- com.focus.testcases.URLBrowserTest -->
