<?xml version="1.0" encoding="UTF-8"?>
<!-- Generated by org.testng.reporters.JUnitReportReporter -->
<testsuite hostname="DESKTOP-NUCSDPQ" failures="0" tests="2" name="com.focus.testcases.URLBrowserTest" time="3.236" errors="0" timestamp="22 May 2026 10:51:10 GMT">
  <testcase classname="com.focus.testcases.URLBrowserTest" name="verifyLoginScreenTitleByInputUrl" time="3.213"/>
  <testcase classname="com.focus.testcases.URLBrowserTest" name="verifyBrowserOpen" time="0.023"/>
</testsuite> <!-- com.focus.testcases.URLBrowserTest -->
