<?xml version="1.0" encoding="UTF-8"?>
<!-- Generated by org.testng.reporters.JUnitReportReporter -->
<testsuite hostname="DESKTOP-NUCSDPQ" failures="0" tests="4" name="com.focus.testcases.LoginPageTest" time="174.347" errors="0" timestamp="2026-05-25T16:58:50 IST" skipped="0">
  <testcase classname="com.focus.testcases.LoginPageTest" name="verifyAvaibilityOfFieldsInLoginScreen" time="1.097"/>
  <testcase classname="com.focus.testcases.LoginPageTest" name="verifyCompanyNameInCompanyListOfLoginScreen" time="0.076"/>
  <testcase classname="com.focus.testcases.LoginPageTest" name="verifySignIn" time="30.595"/>
  <testcase classname="com.focus.testcases.LoginPageTest" name="checkRestoreAutomationCompany" time="142.579"/>
</testsuite> <!-- com.focus.testcases.LoginPageTest -->
